<?xml version="1.0" encoding="UTF-8"?>
<!-- Generated by org.testng.reporters.JUnitReportReporter -->
<testsuite hostname="Guru" name="com.flipkart.testscript.regression.search.RegFlipkartSearchTest" tests="1" failures="0" timestamp="30 Jan 2021 13:38:29 GMT" time="27.129" errors="0">
  <testcase name="searchItem" time="27.129" classname="com.flipkart.testscript.regression.search.RegFlipkartSearchTest"/>
</testsuite> <!-- com.flipkart.testscript.regression.search.RegFlipkartSearchTest -->
